app/build/outputs/logs/manifest-merger-debug-report.txt
-- Merging decision tree log ---
manifest
ADDED from src/main/AndroidManifest.xml:17:1-500:12
	package
		ADDED from src/main/AndroidManifest.xml:19:5-35
		INJECTED from src/main/AndroidManifest.xml
		INJECTED from src/main/AndroidManifest.xml
	android:versionName
		ADDED from src/main/AndroidManifest.xml:21:5-30
		INJECTED from src/main/AndroidManifest.xml
		INJECTED from src/main/AndroidManifest.xml
	android:versionCode
		ADDED from src/main/AndroidManifest.xml:20:5-33
		INJECTED from src/main/AndroidManifest.xml
		INJECTED from src/main/AndroidManifest.xml
	xmlns:android
		ADDED from src/main/AndroidManifest.xml:18:5-63
uses-sdk
ADDED from src/main/AndroidManifest.xml:25:5-74
MERGED from [com.android.support:support-v4:22.0.0] AndroidManifest.xml:20:5-43
MERGED from [com.android.support:appcompat-v7:22.0.0] AndroidManifest.xml:20:5-43
MERGED from [com.android.support:support-v4:22.0.0] AndroidManifest.xml:20:5-43
	android:targetSdkVersion
		ADDED from src/main/AndroidManifest.xml:25:15-44
		INJECTED from src/main/AndroidManifest.xml
		INJECTED from src/main/AndroidManifest.xml
	android:minSdkVersion
		ADDED from src/main/AndroidManifest.xml:25:45-71
		INJECTED from src/main/AndroidManifest.xml
		INJECTED from src/main/AndroidManifest.xml
original-package
ADDED from src/main/AndroidManifest.xml:27:5-28:47
	android:name
		ADDED from src/main/AndroidManifest.xml:28:9-44
uses-permission#android.permission.RECEIVE_BOOT_COMPLETED
ADDED from src/main/AndroidManifest.xml:30:5-31:67
	android:name
		ADDED from src/main/AndroidManifest.xml:31:9-65
uses-permission#android.permission.ACCESS_NETWORK_STATE
ADDED from src/main/AndroidManifest.xml:32:5-33:65
	android:name
		ADDED from src/main/AndroidManifest.xml:33:9-63
uses-permission#android.permission.INTERNET
ADDED from src/main/AndroidManifest.xml:34:5-35:53
	android:name
		ADDED from src/main/AndroidManifest.xml:35:9-51
uses-permission#android.permission.VIBRATE
ADDED from src/main/AndroidManifest.xml:36:5-37:52
	android:name
		ADDED from src/main/AndroidManifest.xml:37:9-50
uses-permission#android.permission.WRITE_EXTERNAL_STORAGE
ADDED from src/main/AndroidManifest.xml:38:5-39:68
	android:name
		ADDED from src/main/AndroidManifest.xml:39:9-65
uses-permission#android.permission.GET_ACCOUNTS
ADDED from src/main/AndroidManifest.xml:40:5-41:58
	android:name
		ADDED from src/main/AndroidManifest.xml:41:9-55
uses-permission#android.permission.MANAGE_ACCOUNTS
ADDED from src/main/AndroidManifest.xml:42:5-73
	android:name
		ADDED from src/main/AndroidManifest.xml:42:22-71
uses-permission#android.permission.AUTHENTICATE_ACCOUNTS
ADDED from src/main/AndroidManifest.xml:43:5-44:67
	android:name
		ADDED from src/main/AndroidManifest.xml:44:9-64
uses-permission#android.permission.READ_SYNC_SETTINGS
ADDED from src/main/AndroidManifest.xml:45:5-46:64
	android:name
		ADDED from src/main/AndroidManifest.xml:46:9-61
uses-permission#android.permission.WRITE_SYNC_SETTINGS
ADDED from src/main/AndroidManifest.xml:47:5-48:64
	android:name
		ADDED from src/main/AndroidManifest.xml:48:9-62
uses-permission#android.permission.WRITE_CONTACTS
ADDED from src/main/AndroidManifest.xml:50:5-51:59
	android:name
		ADDED from src/main/AndroidManifest.xml:51:9-57
uses-permission#android.permission.READ_CONTACTS
ADDED from src/main/AndroidManifest.xml:52:5-53:58
	android:name
		ADDED from src/main/AndroidManifest.xml:53:9-56
uses-permission#android.permission.READ_PROFILE
ADDED from src/main/AndroidManifest.xml:55:5-56:57
	android:name
		ADDED from src/main/AndroidManifest.xml:56:9-55
uses-permission#android.permission.NFC
ADDED from src/main/AndroidManifest.xml:58:5-59:48
	android:name
		ADDED from src/main/AndroidManifest.xml:59:9-46
uses-permission#android.permission.WAKE_LOCK
ADDED from src/main/AndroidManifest.xml:62:5-63:54
	android:name
		ADDED from src/main/AndroidManifest.xml:63:9-52
uses-permission#android.permission.READ_PHONE_STATE
ADDED from src/main/AndroidManifest.xml:64:5-65:61
	android:name
		ADDED from src/main/AndroidManifest.xml:65:9-59
permission#com.appaholics.email.permission.READ_ATTACHMENT
ADDED from src/main/AndroidManifest.xml:68:5-73:72
	android:label
		ADDED from src/main/AndroidManifest.xml:72:9-65
	android:protectionLevel
		ADDED from src/main/AndroidManifest.xml:71:9-44
	android:permissionGroup
		ADDED from src/main/AndroidManifest.xml:70:9-68
	android:description
		ADDED from src/main/AndroidManifest.xml:73:9-70
	android:name
		ADDED from src/main/AndroidManifest.xml:69:9-71
uses-permission#com.appaholics.email.permission.READ_ATTACHMENT
ADDED from src/main/AndroidManifest.xml:74:5-75:73
	android:name
		ADDED from src/main/AndroidManifest.xml:75:9-71
uses-permission#android.permission.USE_CREDENTIALS
ADDED from src/main/AndroidManifest.xml:77:5-78:60
	android:name
		ADDED from src/main/AndroidManifest.xml:78:9-58
permission#com.appaholics.email.permission.ACCESS_PROVIDER
ADDED from src/main/AndroidManifest.xml:81:5-85:72
	android:label
		ADDED from src/main/AndroidManifest.xml:84:9-65
	android:protectionLevel
		ADDED from src/main/AndroidManifest.xml:83:9-44
	android:description
		ADDED from src/main/AndroidManifest.xml:85:9-70
	android:name
		ADDED from src/main/AndroidManifest.xml:82:9-71
uses-permission#com.appaholics.email.permission.ACCESS_PROVIDER
ADDED from src/main/AndroidManifest.xml:86:5-87:73
	android:name
		ADDED from src/main/AndroidManifest.xml:87:9-71
application
ADDED from src/main/AndroidManifest.xml:91:5-499:19
MERGED from [com.android.support:support-v4:22.0.0] AndroidManifest.xml:22:5-20
MERGED from [com.android.support:appcompat-v7:22.0.0] AndroidManifest.xml:22:5-20
MERGED from [com.android.support:support-v4:22.0.0] AndroidManifest.xml:22:5-20
	android:label
		ADDED from src/main/AndroidManifest.xml:93:9-41
	android:hardwareAccelerated
		ADDED from src/main/AndroidManifest.xml:96:9-44
	android:icon
		ADDED from src/main/AndroidManifest.xml:92:9-49
	android:theme
		ADDED from src/main/AndroidManifest.xml:95:9-42
	android:name
		ADDED from src/main/AndroidManifest.xml:94:9-29
activity#com.appaholics.email.activity.Welcome
ADDED from src/main/AndroidManifest.xml:98:9-118:20
	android:name
		ADDED from src/main/AndroidManifest.xml:99:13-45
intent-filter#android.intent.action.MAIN+android.intent.category.APP_EMAIL+android.intent.category.DEFAULT+android.intent.category.LAUNCHER
ADDED from src/main/AndroidManifest.xml:101:13-106:29
action#android.intent.action.MAIN
ADDED from src/main/AndroidManifest.xml:102:17-69
	android:name
		ADDED from src/main/AndroidManifest.xml:102:25-66
category#android.intent.category.DEFAULT
ADDED from src/main/AndroidManifest.xml:103:17-76
	android:name
		ADDED from src/main/AndroidManifest.xml:103:27-73
category#android.intent.category.LAUNCHER
ADDED from src/main/AndroidManifest.xml:104:17-77
	android:name
		ADDED from src/main/AndroidManifest.xml:104:27-74
category#android.intent.category.APP_EMAIL
ADDED from src/main/AndroidManifest.xml:105:17-78
	android:name
		ADDED from src/main/AndroidManifest.xml:105:27-75
intent-filter#android.intent.action.MAIN+android.intent.action.VIEW+android.intent.category.DEFAULT+android.intent.category.LAUNCHER
ADDED from src/main/AndroidManifest.xml:107:13-117:29
action#android.intent.action.VIEW
ADDED from src/main/AndroidManifest.xml:108:17-69
	android:name
		ADDED from src/main/AndroidManifest.xml:108:25-66
data
ADDED from src/main/AndroidManifest.xml:112:17-116:23
	android:path
		ADDED from src/main/AndroidManifest.xml:115:21-49
	android:host
		ADDED from src/main/AndroidManifest.xml:114:21-56
	android:scheme
		ADDED from src/main/AndroidManifest.xml:113:21-45
activity#com.appaholics.email.activity.setup.AccountSetupBasics
ADDED from src/main/AndroidManifest.xml:122:9-133:20
	android:label
		ADDED from src/main/AndroidManifest.xml:124:13-63
	android:exported
		ADDED from src/main/AndroidManifest.xml:125:13-36
	android:name
		ADDED from src/main/AndroidManifest.xml:123:13-62
intent-filter#android.intent.category.DEFAULT+com.appaholics.email.CREATE_ACCOUNT
ADDED from src/main/AndroidManifest.xml:127:13-132:29
action#com.appaholics.email.CREATE_ACCOUNT
ADDED from src/main/AndroidManifest.xml:128:17-129:74
	android:name
		ADDED from src/main/AndroidManifest.xml:129:21-71
activity#com.appaholics.email.activity.setup.AccountSetupAccountType
ADDED from src/main/AndroidManifest.xml:134:9-138:20
	android:label
		ADDED from src/main/AndroidManifest.xml:136:13-69
	android:name
		ADDED from src/main/AndroidManifest.xml:135:13-67
activity#com.appaholics.email.activity.setup.AccountSetupIncoming
ADDED from src/main/AndroidManifest.xml:139:9-143:20
	android:label
		ADDED from src/main/AndroidManifest.xml:141:13-65
	android:name
		ADDED from src/main/AndroidManifest.xml:140:13-64
activity#com.appaholics.email.activity.setup.AccountSetupOutgoing
ADDED from src/main/AndroidManifest.xml:144:9-148:20
	android:label
		ADDED from src/main/AndroidManifest.xml:146:13-65
	android:name
		ADDED from src/main/AndroidManifest.xml:145:13-64
activity#com.appaholics.email.activity.setup.AccountSetupExchange
ADDED from src/main/AndroidManifest.xml:149:9-153:20
	android:label
		ADDED from src/main/AndroidManifest.xml:151:13-65
	android:name
		ADDED from src/main/AndroidManifest.xml:150:13-64
activity#com.appaholics.email.activity.setup.AccountSetupOptions
ADDED from src/main/AndroidManifest.xml:154:9-158:20
	android:label
		ADDED from src/main/AndroidManifest.xml:156:13-64
	android:name
		ADDED from src/main/AndroidManifest.xml:155:13-63
activity#com.appaholics.email.activity.setup.AccountSetupNames
ADDED from src/main/AndroidManifest.xml:159:9-163:20
	android:label
		ADDED from src/main/AndroidManifest.xml:161:13-62
	android:name
		ADDED from src/main/AndroidManifest.xml:160:13-61
activity#com.appaholics.email.activity.setup.AccountSettings
ADDED from src/main/AndroidManifest.xml:164:9-188:20
	android:label
		ADDED from src/main/AndroidManifest.xml:166:13-60
	android:theme
		ADDED from src/main/AndroidManifest.xml:167:13-60
	android:name
		ADDED from src/main/AndroidManifest.xml:165:13-59
intent-filter#android.intent.category.DEFAULT+com.appaholics.email.activity.setup.ACCOUNT_MANAGER_ENTRY
ADDED from src/main/AndroidManifest.xml:169:13-174:29
action#com.appaholics.email.activity.setup.ACCOUNT_MANAGER_ENTRY
ADDED from src/main/AndroidManifest.xml:170:17-171:96
	android:name
		ADDED from src/main/AndroidManifest.xml:171:21-93
intent-filter#android.intent.action.EDIT+android.intent.category.DEFAULT
ADDED from src/main/AndroidManifest.xml:175:13-183:29
action#android.intent.action.EDIT
ADDED from src/main/AndroidManifest.xml:176:17-69
	android:name
		ADDED from src/main/AndroidManifest.xml:176:25-66
intent-filter#android.intent.action.MANAGE_NETWORK_USAGE+android.intent.category.DEFAULT
ADDED from src/main/AndroidManifest.xml:184:13-187:29
action#android.intent.action.MANAGE_NETWORK_USAGE
ADDED from src/main/AndroidManifest.xml:185:17-85
	android:name
		ADDED from src/main/AndroidManifest.xml:185:25-82
activity#com.appaholics.email.activity.setup.AccountSecurity
ADDED from src/main/AndroidManifest.xml:189:9-193:20
	android:label
		ADDED from src/main/AndroidManifest.xml:191:13-59
	android:name
		ADDED from src/main/AndroidManifest.xml:190:13-59
activity#com.appaholics.email.activity.ShortcutPicker
ADDED from src/main/AndroidManifest.xml:196:9-208:20
	android:enabled
		ADDED from src/main/AndroidManifest.xml:198:13-36
	android:theme
		ADDED from src/main/AndroidManifest.xml:199:13-76
	android:name
		ADDED from src/main/AndroidManifest.xml:197:13-52
intent-filter#android.intent.action.CREATE_SHORTCUT+android.intent.category.DEFAULT
ADDED from src/main/AndroidManifest.xml:201:13-207:29
	android:label
		ADDED from src/main/AndroidManifest.xml:202:17-69
action#android.intent.action.CREATE_SHORTCUT
ADDED from src/main/AndroidManifest.xml:203:17-204:76
	android:name
		ADDED from src/main/AndroidManifest.xml:204:21-73
activity#com.appaholics.email.activity.EmailActivity
ADDED from src/main/AndroidManifest.xml:209:9-213:20
	android:uiOptions
		ADDED from src/main/AndroidManifest.xml:211:13-57
	android:name
		ADDED from src/main/AndroidManifest.xml:210:13-51
activity#com.appaholics.email.activity.MessageFileView
ADDED from src/main/AndroidManifest.xml:214:9-228:20
	android:name
		ADDED from src/main/AndroidManifest.xml:215:13-53
intent-filter#android.intent.action.VIEW+android.intent.category.DEFAULT
ADDED from src/main/AndroidManifest.xml:217:13-227:29
	android:label
		ADDED from src/main/AndroidManifest.xml:218:17-49
activity#com.appaholics.email.activity.MessageCompose
ADDED from src/main/AndroidManifest.xml:229:9-269:20
	android:enabled
		ADDED from src/main/AndroidManifest.xml:232:13-36
	android:label
		ADDED from src/main/AndroidManifest.xml:231:13-50
	android:theme
		ADDED from src/main/AndroidManifest.xml:233:13-60
	android:name
		ADDED from src/main/AndroidManifest.xml:230:13-52
intent-filter#android.intent.action.SENDTO+android.intent.action.VIEW+android.intent.category.BROWSABLE+android.intent.category.DEFAULT
ADDED from src/main/AndroidManifest.xml:235:13-246:29
action#android.intent.action.SENDTO
ADDED from src/main/AndroidManifest.xml:238:17-239:67
	android:name
		ADDED from src/main/AndroidManifest.xml:239:21-64
category#android.intent.category.BROWSABLE
ADDED from src/main/AndroidManifest.xml:244:17-245:72
	android:name
		ADDED from src/main/AndroidManifest.xml:245:21-69
intent-filter#android.intent.action.SEND+android.intent.category.DEFAULT
ADDED from src/main/AndroidManifest.xml:247:13-255:29
	android:label
		ADDED from src/main/AndroidManifest.xml:248:17-49
action#android.intent.action.SEND
ADDED from src/main/AndroidManifest.xml:249:17-250:65
	android:name
		ADDED from src/main/AndroidManifest.xml:250:21-62
intent-filter#android.intent.action.SEND_MULTIPLE+android.intent.category.DEFAULT
ADDED from src/main/AndroidManifest.xml:256:13-264:29
	android:label
		ADDED from src/main/AndroidManifest.xml:257:17-49
action#android.intent.action.SEND_MULTIPLE
ADDED from src/main/AndroidManifest.xml:258:17-259:74
	android:name
		ADDED from src/main/AndroidManifest.xml:259:21-71
intent-filter#com.appaholics.email.intent.action.REPLY
ADDED from src/main/AndroidManifest.xml:265:13-268:29
action#com.appaholics.email.intent.action.REPLY
ADDED from src/main/AndroidManifest.xml:266:17-267:79
	android:name
		ADDED from src/main/AndroidManifest.xml:267:21-76
activity#com.appaholics.email.activity.MessageList
ADDED from src/main/AndroidManifest.xml:272:9-278:20
	android:name
		ADDED from src/main/AndroidManifest.xml:273:13-49
intent-filter#android.intent.action.MAIN
ADDED from src/main/AndroidManifest.xml:275:13-277:29
activity#com.appaholics.email.activity.setup.MailboxSettings
ADDED from src/main/AndroidManifest.xml:280:9-284:20
	android:label
		ADDED from src/main/AndroidManifest.xml:282:13-68
	android:name
		ADDED from src/main/AndroidManifest.xml:281:13-59
receiver#com.appaholics.email.service.AttachmentDownloadService$Watchdog
ADDED from src/main/AndroidManifest.xml:286:9-288:37
	android:enabled
		ADDED from src/main/AndroidManifest.xml:288:13-35
	android:name
		ADDED from src/main/AndroidManifest.xml:287:13-71
receiver#com.appaholics.email.service.EmailBroadcastReceiver
ADDED from src/main/AndroidManifest.xml:290:9-312:20
	android:enabled
		ADDED from src/main/AndroidManifest.xml:292:13-35
	android:name
		ADDED from src/main/AndroidManifest.xml:291:13-59
intent-filter#android.accounts.LOGIN_ACCOUNTS_CHANGED+android.intent.action.BOOT_COMPLETED+android.intent.action.DEVICE_STORAGE_LOW+android.intent.action.DEVICE_STORAGE_OK
ADDED from src/main/AndroidManifest.xml:293:13-302:29
action#android.intent.action.BOOT_COMPLETED
ADDED from src/main/AndroidManifest.xml:294:17-295:75
	android:name
		ADDED from src/main/AndroidManifest.xml:295:21-72
action#android.intent.action.DEVICE_STORAGE_LOW
ADDED from src/main/AndroidManifest.xml:296:17-297:79
	android:name
		ADDED from src/main/AndroidManifest.xml:297:21-76
action#android.intent.action.DEVICE_STORAGE_OK
ADDED from src/main/AndroidManifest.xml:298:17-299:78
	android:name
		ADDED from src/main/AndroidManifest.xml:299:21-75
action#android.accounts.LOGIN_ACCOUNTS_CHANGED
ADDED from src/main/AndroidManifest.xml:300:17-301:78
	android:name
		ADDED from src/main/AndroidManifest.xml:301:21-75
intent-filter#android.provider.Telephony.SECRET_CODE
ADDED from src/main/AndroidManifest.xml:304:13-311:29
action#android.provider.Telephony.SECRET_CODE
ADDED from src/main/AndroidManifest.xml:305:17-306:77
	android:name
		ADDED from src/main/AndroidManifest.xml:306:21-74
service#com.appaholics.email.service.EmailBroadcastProcessorService
ADDED from src/main/AndroidManifest.xml:313:9-314:70
	android:name
		ADDED from src/main/AndroidManifest.xml:314:13-67
receiver#com.appaholics.email.SecurityPolicy$PolicyAdmin
ADDED from src/main/AndroidManifest.xml:317:9-329:20
	android:label
		ADDED from src/main/AndroidManifest.xml:319:13-55
	android:permission
		ADDED from src/main/AndroidManifest.xml:321:13-70
	android:description
		ADDED from src/main/AndroidManifest.xml:320:13-67
	android:name
		ADDED from src/main/AndroidManifest.xml:318:13-55
meta-data#android.app.device_admin
ADDED from src/main/AndroidManifest.xml:322:13-324:56
	android:resource
		ADDED from src/main/AndroidManifest.xml:324:17-53
	android:name
		ADDED from src/main/AndroidManifest.xml:323:17-56
intent-filter#android.app.action.DEVICE_ADMIN_ENABLED
ADDED from src/main/AndroidManifest.xml:325:13-328:29
action#android.app.action.DEVICE_ADMIN_ENABLED
ADDED from src/main/AndroidManifest.xml:326:17-327:78
	android:name
		ADDED from src/main/AndroidManifest.xml:327:21-75
service#com.appaholics.email.service.MailService
ADDED from src/main/AndroidManifest.xml:331:9-335:19
	android:enabled
		ADDED from src/main/AndroidManifest.xml:333:13-36
	android:name
		ADDED from src/main/AndroidManifest.xml:332:13-48
service#com.appaholics.email.Controller$ControllerService
ADDED from src/main/AndroidManifest.xml:337:9-341:19
	android:enabled
		ADDED from src/main/AndroidManifest.xml:339:13-35
	android:name
		ADDED from src/main/AndroidManifest.xml:338:13-57
service#com.appaholics.email.service.AttachmentDownloadService
ADDED from src/main/AndroidManifest.xml:343:9-347:19
	android:enabled
		ADDED from src/main/AndroidManifest.xml:345:13-36
	android:name
		ADDED from src/main/AndroidManifest.xml:344:13-62
service#com.appaholics.email.service.PopImapAuthenticatorService
ADDED from src/main/AndroidManifest.xml:350:9-363:19
	android:enabled
		ADDED from src/main/AndroidManifest.xml:353:13-35
	android:exported
		ADDED from src/main/AndroidManifest.xml:352:13-36
	android:name
		ADDED from src/main/AndroidManifest.xml:351:13-64
intent-filter#android.accounts.AccountAuthenticator
ADDED from src/main/AndroidManifest.xml:355:13-358:29
action#android.accounts.AccountAuthenticator
ADDED from src/main/AndroidManifest.xml:356:17-357:76
	android:name
		ADDED from src/main/AndroidManifest.xml:357:21-73
meta-data#android.accounts.AccountAuthenticator
ADDED from src/main/AndroidManifest.xml:359:13-362:19
	android:resource
		ADDED from src/main/AndroidManifest.xml:361:17-63
	android:name
		ADDED from src/main/AndroidManifest.xml:360:17-69
service#com.appaholics.email.service.PopImapSyncAdapterService
ADDED from src/main/AndroidManifest.xml:366:9-375:19
	android:exported
		ADDED from src/main/AndroidManifest.xml:368:13-36
	android:name
		ADDED from src/main/AndroidManifest.xml:367:13-82
intent-filter#android.content.SyncAdapter
ADDED from src/main/AndroidManifest.xml:369:13-372:29
action#android.content.SyncAdapter
ADDED from src/main/AndroidManifest.xml:370:17-371:66
	android:name
		ADDED from src/main/AndroidManifest.xml:371:21-63
meta-data#android.content.SyncAdapter
ADDED from src/main/AndroidManifest.xml:373:13-374:71
	android:resource
		ADDED from src/main/AndroidManifest.xml:374:24-68
	android:name
		ADDED from src/main/AndroidManifest.xml:373:24-66
service#com.appaholics.email.service.PolicyService
ADDED from src/main/AndroidManifest.xml:378:9-387:19
	android:enabled
		ADDED from src/main/AndroidManifest.xml:380:13-35
	android:permission
		ADDED from src/main/AndroidManifest.xml:381:13-81
	android:name
		ADDED from src/main/AndroidManifest.xml:379:13-50
intent-filter#com.appaholics.email.POLICY_INTENT
ADDED from src/main/AndroidManifest.xml:383:13-386:29
action#com.appaholics.email.POLICY_INTENT
ADDED from src/main/AndroidManifest.xml:384:17-385:73
	android:name
		ADDED from src/main/AndroidManifest.xml:385:21-70
service#com.appaholics.email.service.AccountService
ADDED from src/main/AndroidManifest.xml:389:9-398:19
	android:enabled
		ADDED from src/main/AndroidManifest.xml:391:13-35
	android:permission
		ADDED from src/main/AndroidManifest.xml:392:13-81
	android:name
		ADDED from src/main/AndroidManifest.xml:390:13-51
intent-filter#com.appaholics.email.ACCOUNT_INTENT
ADDED from src/main/AndroidManifest.xml:394:13-397:29
action#com.appaholics.email.ACCOUNT_INTENT
ADDED from src/main/AndroidManifest.xml:395:17-396:74
	android:name
		ADDED from src/main/AndroidManifest.xml:396:21-71
service#com.appaholics.email.service.EasAuthenticatorService
ADDED from src/main/AndroidManifest.xml:401:9-414:19
	android:enabled
		ADDED from src/main/AndroidManifest.xml:404:13-35
	android:exported
		ADDED from src/main/AndroidManifest.xml:403:13-36
	android:name
		ADDED from src/main/AndroidManifest.xml:402:13-60
service#com.appaholics.email.service.EasTestAuthenticatorService
ADDED from src/main/AndroidManifest.xml:416:9-429:19
	android:enabled
		ADDED from src/main/AndroidManifest.xml:419:13-36
	android:exported
		ADDED from src/main/AndroidManifest.xml:418:13-36
	android:name
		ADDED from src/main/AndroidManifest.xml:417:13-64
service#com.appaholics.email.service.EasAuthenticatorServiceAlternate
ADDED from src/main/AndroidManifest.xml:434:9-447:19
	android:enabled
		ADDED from src/main/AndroidManifest.xml:437:13-36
	android:exported
		ADDED from src/main/AndroidManifest.xml:436:13-36
	android:name
		ADDED from src/main/AndroidManifest.xml:435:13-69
provider#com.appaholics.email.provider.AttachmentProvider
ADDED from src/main/AndroidManifest.xml:449:9-455:15
	android:readPermission
		ADDED from src/main/AndroidManifest.xml:454:13-85
	android:authorities
		ADDED from src/main/AndroidManifest.xml:451:13-74
	android:grantUriPermissions
		ADDED from src/main/AndroidManifest.xml:453:13-47
	android:multiprocess
		ADDED from src/main/AndroidManifest.xml:452:13-40
	android:name
		ADDED from src/main/AndroidManifest.xml:450:13-56
provider#com.appaholics.email.provider.EmailProvider
ADDED from src/main/AndroidManifest.xml:459:9-465:15
	android:authorities
		ADDED from src/main/AndroidManifest.xml:461:13-94
	android:label
		ADDED from src/main/AndroidManifest.xml:464:13-45
	android:multiprocess
		ADDED from src/main/AndroidManifest.xml:462:13-40
	android:permission
		ADDED from src/main/AndroidManifest.xml:463:13-81
	android:name
		ADDED from src/main/AndroidManifest.xml:460:13-51
activity#com.appaholics.email.widget.WidgetConfiguration
ADDED from src/main/AndroidManifest.xml:468:9-480:20
	android:enabled
		ADDED from src/main/AndroidManifest.xml:470:13-35
	android:theme
		ADDED from src/main/AndroidManifest.xml:471:13-76
	android:name
		ADDED from src/main/AndroidManifest.xml:469:13-55
intent-filter#android.appwidget.action.APPWIDGET_CONFIGURE+android.intent.category.DEFAULT
ADDED from src/main/AndroidManifest.xml:473:13-479:29
	android:label
		ADDED from src/main/AndroidManifest.xml:474:17-69
action#android.appwidget.action.APPWIDGET_CONFIGURE
ADDED from src/main/AndroidManifest.xml:475:17-476:82
	android:name
		ADDED from src/main/AndroidManifest.xml:476:21-80
service#com.appaholics.email.provider.WidgetProvider$WidgetService
ADDED from src/main/AndroidManifest.xml:481:9-485:15
	android:exported
		ADDED from src/main/AndroidManifest.xml:484:13-37
	android:permission
		ADDED from src/main/AndroidManifest.xml:483:13-69
	android:name
		ADDED from src/main/AndroidManifest.xml:482:13-66
receiver#com.appaholics.email.provider.WidgetProvider
ADDED from src/main/AndroidManifest.xml:486:9-498:20
	android:name
		ADDED from src/main/AndroidManifest.xml:487:13-52
intent-filter#android.appwidget.action.APPWIDGET_UPDATE
ADDED from src/main/AndroidManifest.xml:488:13-491:29
action#android.appwidget.action.APPWIDGET_UPDATE
ADDED from src/main/AndroidManifest.xml:489:17-490:80
	android:name
		ADDED from src/main/AndroidManifest.xml:490:21-77
intent-filter#com.appaholics.email.MESSAGE_LIST_DATASET_CHANGED
ADDED from src/main/AndroidManifest.xml:492:13-494:29
action#com.appaholics.email.MESSAGE_LIST_DATASET_CHANGED
ADDED from src/main/AndroidManifest.xml:493:17-92
	android:name
		ADDED from src/main/AndroidManifest.xml:493:25-89
meta-data#android.appwidget.provider
ADDED from src/main/AndroidManifest.xml:495:13-497:55
	android:resource
		ADDED from src/main/AndroidManifest.xml:497:17-52
	android:name
		ADDED from src/main/AndroidManifest.xml:496:17-58